# JRE version: Java(TM) SE Runtime Environment (21.0.2+13) (build 21.0.2+13-LTS-58)
# Java VM: Java HotSpot(TM) 64-Bit Server VM (21.0.2+13-LTS-58, mixed mode, sharing, tiered, compressed oops, compressed class ptrs, g1 gc, bsd-aarch64)
GC Precious Log:
 CardTable entry size: 512
 Card Set container configuration: InlinePtr #cards 4 size 8 Array Of Cards #cards 16 size 48 Howl #buckets 8 coarsen threshold 3686 Howl Bitmap #cards 512 size 80 coarsen threshold 460 Card regions per heap region 1 cards per card region 4096
 CPUs: 8 total, 8 available
 Memory: 16384M
 Large Page Support: Disabled
 NUMA Support: Disabled
 Compressed Oops: Enabled (Zero based)
 Heap Region Size: 2M
 Heap Min Capacity: 8M
 Heap Initial Capacity: 256M
 Heap Max Capacity: 4G
 Pre-touch: Disabled
 Parallel Workers: 8
 Concurrent Workers: 2
 Concurrent Refinement Workers: 8
 Periodic GC: Disabled
Heap:
 garbage-first heap   total 69632K, used 25322K [0x0000000700000000, 0x0000000800000000)
  region size 2048K, 7 young (14336K), 2 survivors (4096K)
 Metaspace       used 21674K, committed 22016K, reserved 1114112K
  class space    used 3035K, committed 3200K, reserved 1048576K
GC Heap History (20 events):
Event: 56.159 GC heap before
{Heap before GC invocations=4 (full 0):
 garbage-first heap   total 264192K, used 44239K [0x0000000700000000, 0x0000000800000000)
  region size 2048K, 21 young (43008K), 6 survivors (12288K)
 Metaspace       used 21191K, committed 21504K, reserved 1114112K
  class space    used 2988K, committed 3136K, reserved 1048576K
}
Event: 56.166 GC heap after
{Heap after GC invocations=5 (full 0):
 garbage-first heap   total 264192K, used 16916K [0x0000000700000000, 0x0000000800000000)
  region size 2048K, 5 young (10240K), 5 survivors (10240K)
 Metaspace       used 21191K, committed 21504K, reserved 1114112K
  class space    used 2988K, committed 3136K, reserved 1048576K
}
Event: 61.231 GC heap before
{Heap before GC invocations=6 (full 0):
 garbage-first heap   total 69632K, used 45588K [0x0000000700000000, 0x0000000800000000)
  region size 2048K, 20 young (40960K), 5 survivors (10240K)
 Metaspace       used 21204K, committed 21568K, reserved 1114112K
  class space    used 2990K, committed 3200K, reserved 1048576K
}
Event: 61.238 GC heap after
{Heap after GC invocations=7 (full 0):
 garbage-first heap   total 69632K, used 17706K [0x0000000700000000, 0x0000000800000000)
  region size 2048K, 2 young (4096K), 2 survivors (4096K)
 Metaspace       used 21204K, committed 21568K, reserved 1114112K
  class space    used 2990K, committed 3200K, reserved 1048576K
}
Event: 63.304 GC heap before
{Heap before GC invocations=7 (full 0):
 garbage-first heap   total 69632K, used 52522K [0x0000000700000000, 0x0000000800000000)
  region size 2048K, 20 young (40960K), 2 survivors (4096K)
 Metaspace       used 21215K, committed 21568K, reserved 1114112K
  class space    used 2990K, committed 3200K, reserved 1048576K
}
Event: 63.309 GC heap after
{Heap after GC invocations=8 (full 0):
 garbage-first heap   total 69632K, used 17027K [0x0000000700000000, 0x0000000800000000)
  region size 2048K, 1 young (2048K), 1 survivors (2048K)
 Metaspace       used 21215K, committed 21568K, reserved 1114112K
  class space    used 2990K, committed 3200K, reserved 1048576K
}
Event: 65.250 GC heap before
{Heap before GC invocations=8 (full 0):
 garbage-first heap   total 69632K, used 53891K [0x0000000700000000, 0x0000000800000000)
  region size 2048K, 20 young (40960K), 1 survivors (2048K)
 Metaspace       used 21258K, committed 21632K, reserved 1114112K
  class space    used 2991K, committed 3200K, reserved 1048576K
}
Event: 65.253 GC heap after
{Heap after GC invocations=9 (full 0):
 garbage-first heap   total 69632K, used 17695K [0x0000000700000000, 0x0000000800000000)
  region size 2048K, 1 young (2048K), 1 survivors (2048K)
 Metaspace       used 21258K, committed 21632K, reserved 1114112K
  class space    used 2991K, committed 3200K, reserved 1048576K
}
Event: 67.265 GC heap before
{Heap before GC invocations=9 (full 0):
 garbage-first heap   total 69632K, used 54559K [0x0000000700000000, 0x0000000800000000)
  region size 2048K, 20 young (40960K), 1 survivors (2048K)
 Metaspace       used 21308K, committed 21696K, reserved 1114112K
  class space    used 2993K, committed 3200K, reserved 1048576K
}
Event: 67.267 GC heap after
{Heap after GC invocations=10 (full 0):
 garbage-first heap   total 69632K, used 17240K [0x0000000700000000, 0x0000000800000000)
  region size 2048K, 1 young (2048K), 1 survivors (2048K)
 Metaspace       used 21308K, committed 21696K, reserved 1114112K
  class space    used 2993K, committed 3200K, reserved 1048576K
}
Event: 68.931 GC heap before
{Heap before GC invocations=10 (full 0):
 garbage-first heap   total 69632K, used 54104K [0x0000000700000000, 0x0000000800000000)
  region size 2048K, 20 young (40960K), 1 survivors (2048K)
 Metaspace       used 21321K, committed 21696K, reserved 1114112K
  class space    used 2993K, committed 3200K, reserved 1048576K
}
Event: 68.934 GC heap after
{Heap after GC invocations=11 (full 0):
 garbage-first heap   total 69632K, used 18810K [0x0000000700000000, 0x0000000800000000)
  region size 2048K, 2 young (4096K), 2 survivors (4096K)
 Metaspace       used 21321K, committed 21696K, reserved 1114112K
  class space    used 2993K, committed 3200K, reserved 1048576K
}
Event: 71.283 GC heap before
{Heap before GC invocations=11 (full 0):
 garbage-first heap   total 69632K, used 53626K [0x0000000700000000, 0x0000000800000000)
  region size 2048K, 20 young (40960K), 2 survivors (4096K)
 Metaspace       used 21360K, committed 21760K, reserved 1114112K
  class space    used 2993K, committed 3200K, reserved 1048576K
}
Event: 71.286 GC heap after
{Heap after GC invocations=12 (full 0):
 garbage-first heap   total 69632K, used 18597K [0x0000000700000000, 0x0000000800000000)
  region size 2048K, 2 young (4096K), 2 survivors (4096K)
 Metaspace       used 21360K, committed 21760K, reserved 1114112K
  class space    used 2993K, committed 3200K, reserved 1048576K
}
Event: 72.940 GC heap before
{Heap before GC invocations=12 (full 0):
 garbage-first heap   total 69632K, used 53413K [0x0000000700000000, 0x0000000800000000)
  region size 2048K, 20 young (40960K), 2 survivors (4096K)
 Metaspace       used 21393K, committed 21824K, reserved 1114112K
  class space    used 2993K, committed 3200K, reserved 1048576K
}
Event: 72.943 GC heap after
{Heap after GC invocations=13 (full 0):
 garbage-first heap   total 69632K, used 18550K [0x0000000700000000, 0x0000000800000000)
  region size 2048K, 2 young (4096K), 2 survivors (4096K)
 Metaspace       used 21393K, committed 21824K, reserved 1114112K
  class space    used 2993K, committed 3200K, reserved 1048576K
}
Event: 74.846 GC heap before
{Heap before GC invocations=13 (full 0):
 garbage-first heap   total 69632K, used 53366K [0x0000000700000000, 0x0000000800000000)
  region size 2048K, 20 young (40960K), 2 survivors (4096K)
 Metaspace       used 21512K, committed 21888K, reserved 1114112K
  class space    used 3015K, committed 3200K, reserved 1048576K
}
Event: 74.848 GC heap after
{Heap after GC invocations=14 (full 0):
 garbage-first heap   total 69632K, used 18693K [0x0000000700000000, 0x0000000800000000)
  region size 2048K, 2 young (4096K), 2 survivors (4096K)
 Metaspace       used 21512K, committed 21888K, reserved 1114112K
  class space    used 3015K, committed 3200K, reserved 1048576K
}
Event: 76.482 GC heap before
{Heap before GC invocations=14 (full 0):
 garbage-first heap   total 69632K, used 53509K [0x0000000700000000, 0x0000000800000000)
  region size 2048K, 20 young (40960K), 2 survivors (4096K)
 Metaspace       used 21667K, committed 22016K, reserved 1114112K
  class space    used 3035K, committed 3200K, reserved 1048576K
}
Event: 76.485 GC heap after
{Heap after GC invocations=15 (full 0):
 garbage-first heap   total 69632K, used 19178K [0x0000000700000000, 0x0000000800000000)
  region size 2048K, 2 young (4096K), 2 survivors (4096K)
 Metaspace       used 21667K, committed 22016K, reserved 1114112K
  class space    used 3035K, committed 3200K, reserved 1048576K
}

